app/build/intermediates/manifest_merge_blame_file/debug/manifest-merger-blame-debug-report.txt
1<?xml version="1.0" encoding="utf-8"?>
2<manifest xmlns:android="http://schemas.android.com/apk/res/android"
3    package="com.dersarco.appwriteexample"
4    android:versionCode="1"
5    android:versionName="1.0" >
6
7    <uses-sdk
8        android:minSdkVersion="24"
8-->src/main/AndroidManifest.xml
9        android:targetSdkVersion="33" />
9-->src/main/AndroidManifest.xml
10
11    <uses-permission android:name="android.permission.INTERNET" />
11-->[io.appwrite:sdk-for-android:1.2.0] AndroidManifest.xml:9:5-67
11-->[io.appwrite:sdk-for-android:1.2.0] AndroidManifest.xml:9:22-64
12
13    <permission
13-->[androidx.core:core:1.9.0] AndroidManifest.xml:22:5-24:47
14        android:name="com.dersarco.appwriteexample.DYNAMIC_RECEIVER_NOT_EXPORTED_PERMISSION"
14-->[androidx.core:core:1.9.0] AndroidManifest.xml:23:9-81
15        android:protectionLevel="signature" />
15-->[androidx.core:core:1.9.0] AndroidManifest.xml:24:9-44
16
17    <uses-permission android:name="com.dersarco.appwriteexample.DYNAMIC_RECEIVER_NOT_EXPORTED_PERMISSION" />
17-->[androidx.core:core:1.9.0] AndroidManifest.xml:26:5-97
17-->[androidx.core:core:1.9.0] AndroidManifest.xml:26:22-94
18
19    <application
19-->src/main/AndroidManifest.xml:5:5-36:19
20        android:name="com.dersarco.appwriteexample.MyApp"
20-->src/main/AndroidManifest.xml:6:9-30
21        android:allowBackup="true"
21-->src/main/AndroidManifest.xml:7:9-35
22        android:appComponentFactory="androidx.core.app.CoreComponentFactory"
22-->[androidx.core:core:1.9.0] AndroidManifest.xml:28:18-86
23        android:dataExtractionRules="@xml/data_extraction_rules"
23-->src/main/AndroidManifest.xml:8:9-65
24        android:debuggable="true"
25        android:extractNativeLibs="false"
26        android:fullBackupContent="@xml/backup_rules"
26-->src/main/AndroidManifest.xml:9:9-54
27        android:icon="@mipmap/ic_launcher"
27-->src/main/AndroidManifest.xml:10:9-43
28        android:label="@string/app_name"
28-->src/main/AndroidManifest.xml:11:9-41
29        android:supportsRtl="true"
29-->src/main/AndroidManifest.xml:12:9-35
30        android:testOnly="true"
31        android:theme="@style/Theme.AppWriteExample" >
31-->src/main/AndroidManifest.xml:13:9-53
32        <activity
32-->src/main/AndroidManifest.xml:15:9-24:20
33            android:name="com.dersarco.appwriteexample.ui.MainActivity"
33-->src/main/AndroidManifest.xml:16:13-44
34            android:exported="true"
34-->src/main/AndroidManifest.xml:17:13-36
35            android:theme="@style/Theme.AppWriteExample" >
35-->src/main/AndroidManifest.xml:18:13-57
36            <intent-filter>
36-->src/main/AndroidManifest.xml:19:13-23:29
37                <action android:name="android.intent.action.MAIN" />
37-->src/main/AndroidManifest.xml:20:17-69
37-->src/main/AndroidManifest.xml:20:25-66
38
39                <category android:name="android.intent.category.LAUNCHER" />
39-->src/main/AndroidManifest.xml:22:17-77
39-->src/main/AndroidManifest.xml:22:27-74
40            </intent-filter>
41        </activity>
42
43        <!-- This is from documentation, on scheme add android:scheme add your project id from AppWrite -->
44        <activity
44-->src/main/AndroidManifest.xml:27:9-35:20
45            android:name="io.appwrite.views.CallbackActivity"
45-->src/main/AndroidManifest.xml:27:19-68
46            android:exported="true" >
46-->src/main/AndroidManifest.xml:27:69-92
47            <intent-filter android:label="android_web_auth" >
47-->src/main/AndroidManifest.xml:28:13-34:29
47-->src/main/AndroidManifest.xml:28:28-60
48                <action android:name="android.intent.action.VIEW" />
48-->src/main/AndroidManifest.xml:29:17-69
48-->src/main/AndroidManifest.xml:29:25-66
49
50                <category android:name="android.intent.category.DEFAULT" />
50-->src/main/AndroidManifest.xml:30:17-76
50-->src/main/AndroidManifest.xml:30:27-73
51                <category android:name="android.intent.category.BROWSABLE" />
51-->src/main/AndroidManifest.xml:31:17-78
51-->src/main/AndroidManifest.xml:31:27-75
52
53                <data android:scheme="appwrite-callback-63f8c4cc0a8c1a64b76f" />
53-->src/main/AndroidManifest.xml:32:17-81
53-->src/main/AndroidManifest.xml:32:23-78
54                <!-- <data android:scheme="appwrite-callback-REPLACE-THIS" /> -->
55            </intent-filter>
56        </activity>
57        <activity
57-->[androidx.compose.ui:ui-tooling:1.3.3] AndroidManifest.xml:23:9-25:39
58            android:name="androidx.compose.ui.tooling.PreviewActivity"
58-->[androidx.compose.ui:ui-tooling:1.3.3] AndroidManifest.xml:24:13-71
59            android:exported="true" />
59-->[androidx.compose.ui:ui-tooling:1.3.3] AndroidManifest.xml:25:13-36
60        <activity
60-->[androidx.compose.ui:ui-test-manifest:1.3.3] AndroidManifest.xml:23:9-25:39
61            android:name="androidx.activity.ComponentActivity"
61-->[androidx.compose.ui:ui-test-manifest:1.3.3] AndroidManifest.xml:24:13-63
62            android:exported="true" />
62-->[androidx.compose.ui:ui-test-manifest:1.3.3] AndroidManifest.xml:25:13-36
63
64        <provider
64-->[androidx.emoji2:emoji2:1.2.0] AndroidManifest.xml:24:9-32:20
65            android:name="androidx.startup.InitializationProvider"
65-->[androidx.emoji2:emoji2:1.2.0] AndroidManifest.xml:25:13-67
66            android:authorities="com.dersarco.appwriteexample.androidx-startup"
66-->[androidx.emoji2:emoji2:1.2.0] AndroidManifest.xml:26:13-68
67            android:exported="false" >
67-->[androidx.emoji2:emoji2:1.2.0] AndroidManifest.xml:27:13-37
68            <meta-data
68-->[androidx.emoji2:emoji2:1.2.0] AndroidManifest.xml:29:13-31:52
69                android:name="androidx.emoji2.text.EmojiCompatInitializer"
69-->[androidx.emoji2:emoji2:1.2.0] AndroidManifest.xml:30:17-75
70                android:value="androidx.startup" />
70-->[androidx.emoji2:emoji2:1.2.0] AndroidManifest.xml:31:17-49
71            <meta-data
71-->[androidx.lifecycle:lifecycle-process:2.4.1] AndroidManifest.xml:31:13-33:52
72                android:name="androidx.lifecycle.ProcessLifecycleInitializer"
72-->[androidx.lifecycle:lifecycle-process:2.4.1] AndroidManifest.xml:32:17-78
73                android:value="androidx.startup" />
73-->[androidx.lifecycle:lifecycle-process:2.4.1] AndroidManifest.xml:33:17-49
74            <meta-data
74-->[androidx.profileinstaller:profileinstaller:1.2.0] AndroidManifest.xml:30:13-32:52
75                android:name="androidx.profileinstaller.ProfileInstallerInitializer"
75-->[androidx.profileinstaller:profileinstaller:1.2.0] AndroidManifest.xml:31:17-85
76                android:value="androidx.startup" />
76-->[androidx.profileinstaller:profileinstaller:1.2.0] AndroidManifest.xml:32:17-49
77        </provider>
78
79        <receiver
79-->[androidx.profileinstaller:profileinstaller:1.2.0] AndroidManifest.xml:35:9-47:20
80            android:name="androidx.profileinstaller.ProfileInstallReceiver"
80-->[androidx.profileinstaller:profileinstaller:1.2.0] AndroidManifest.xml:36:13-76
81            android:directBootAware="false"
81-->[androidx.profileinstaller:profileinstaller:1.2.0] AndroidManifest.xml:37:13-44
82            android:enabled="true"
82-->[androidx.profileinstaller:profileinstaller:1.2.0] AndroidManifest.xml:38:13-35
83            android:exported="true"
83-->[androidx.profileinstaller:profileinstaller:1.2.0] AndroidManifest.xml:39:13-36
84            android:permission="android.permission.DUMP" >
84-->[androidx.profileinstaller:profileinstaller:1.2.0] AndroidManifest.xml:40:13-57
85            <intent-filter>
85-->[androidx.profileinstaller:profileinstaller:1.2.0] AndroidManifest.xml:41:13-43:29
86                <action android:name="androidx.profileinstaller.action.INSTALL_PROFILE" />
86-->[androidx.profileinstaller:profileinstaller:1.2.0] AndroidManifest.xml:42:17-91
86-->[androidx.profileinstaller:profileinstaller:1.2.0] AndroidManifest.xml:42:25-88
87            </intent-filter>
88            <intent-filter>
88-->[androidx.profileinstaller:profileinstaller:1.2.0] AndroidManifest.xml:44:13-46:29
89                <action android:name="androidx.profileinstaller.action.SKIP_FILE" />
89-->[androidx.profileinstaller:profileinstaller:1.2.0] AndroidManifest.xml:45:17-85
89-->[androidx.profileinstaller:profileinstaller:1.2.0] AndroidManifest.xml:45:25-82
90            </intent-filter>
91        </receiver>
92    </application>
93
94</manifest>